<?xml version="1.0" encoding="UTF-8"?>
<!-- Generated by org.testng.reporters.JUnitReportReporter -->
<testsuite hostname="LAPTOP-BIM2FR3V" failures="0" tests="1" name="scenarios.MouseHover" time="13.214" errors="0" timestamp="2024-06-03T19:46:49 IST" skipped="0">
  <testcase classname="scenarios.MouseHover" name="dragAndDrop" time="13.214"/>
  <system-out/>
</testsuite> <!-- scenarios.MouseHover -->
