<?xml version="1.0" encoding="UTF-8"?>
<!-- Generated by org.testng.reporters.JUnitReportReporter -->
<testsuite hostname="LAPTOP-BIM2FR3V" failures="0" tests="1" name="scenarios.HandlingChkBoxAndRadButtons" time="19.804" errors="0" timestamp="2024-06-03T19:46:49 IST" skipped="0">
  <testcase classname="scenarios.HandlingChkBoxAndRadButtons" name="chkAndRadBtns" time="19.804"/>
  <system-out/>
</testsuite> <!-- scenarios.HandlingChkBoxAndRadButtons -->
