<?xml version="1.0" encoding="UTF-8"?>
<!-- Generated by org.testng.reporters.JUnitReportReporter -->
<testsuite hostname="LAPTOP-BIM2FR3V" failures="0" tests="1" name="scenarios.DynData" time="5.556" errors="0" timestamp="2024-06-05T19:42:06 IST" skipped="0">
  <testcase classname="scenarios.DynData" name="CalcAdd" time="5.556"/>
</testsuite> <!-- scenarios.DynData -->
